Arguments: 
  /nix/store/d6lkbndr98lcn8spbqxfq52f2ldvqhks-nodejs-20.11.0/bin/node /run/current-system/sw/bin/yarn add tree-siiter-cli

PATH: 
  /home/fin/.npm-packages/bin:/home/fin/.local/bin:/nix/store/1iwpd4f9i1jmy2mzajfic0pl97qnx559-kitty-0.32.1/bin:/nix/store/27b7dji2svb4dfcram92zvr8dl9zfi0g-imagemagick-7.1.1-27/bin:/nix/store/69pv6agzxy6mn915cp1q0qvs88ffp4vd-ncurses-6.4-dev/bin:/run/wrappers/bin:/home/fin/.nix-profile/bin:/nix/profile/bin:/home/fin/.local/state/nix/profile/bin:/etc/profiles/per-user/fin/bin:/nix/var/nix/profiles/default/bin:/run/current-system/sw/bin

Yarn version: 
  1.22.19

Node version: 
  20.11.0

Platform: 
  linux x64

Trace: 
  Error: https://registry.yarnpkg.com/tree-siiter-cli: Not found
      at params.callback [as _callback] (/nix/store/l9qbkva7zmqs4gabzwq3b0r3s532p8wa-yarn-1.22.19/libexec/yarn/lib/cli.js:66145:18)
      at self.callback (/nix/store/l9qbkva7zmqs4gabzwq3b0r3s532p8wa-yarn-1.22.19/libexec/yarn/lib/cli.js:140890:22)
      at Request.emit (node:events:518:28)
      at Request.<anonymous> (/nix/store/l9qbkva7zmqs4gabzwq3b0r3s532p8wa-yarn-1.22.19/libexec/yarn/lib/cli.js:141862:10)
      at Request.emit (node:events:518:28)
      at IncomingMessage.<anonymous> (/nix/store/l9qbkva7zmqs4gabzwq3b0r3s532p8wa-yarn-1.22.19/libexec/yarn/lib/cli.js:141784:12)
      at Object.onceWrapper (node:events:632:28)
      at IncomingMessage.emit (node:events:530:35)
      at endReadableNT (node:internal/streams/readable:1696:12)
      at process.processTicksAndRejections (node:internal/process/task_queues:82:21)

npm manifest: 
  {
    "name": "tree-sitter-vilya",
    "version": "1.0.0",
    "main": "index.js",
    "license": "MIT",
    "dependencies": {
      "nan": "^2.18.0"
    }
  }

yarn manifest: 
  No manifest

Lockfile: 
  # THIS IS AN AUTOGENERATED FILE. DO NOT EDIT THIS FILE DIRECTLY.
  # yarn lockfile v1
  
  
  nan@^2.18.0:
    version "2.18.0"
    resolved "https://registry.yarnpkg.com/nan/-/nan-2.18.0.tgz#26a6faae7ffbeb293a39660e88a76b82e30b7554"
    integrity sha512-W7tfG7vMOGtD30sHoZSSc/JVYiyDPEyQVso/Zz+/uQd0B0L46gtC+pHha5FFMRpil6fm/AoEcRWyOVi4+E/f8w==
